<?xml version="1.0" encoding="UTF-8"?>
<!-- Generated by org.testng.reporters.JUnitReportReporter -->
<testsuite hostname="ethans-mbp.kingsoft.cn" name="com.gateside.autotesting.Gat.unittest.FileHelperTest" tests="1" failures="0" timestamp="24 Aug 2017 02:53:23 GMT" time="5.338" errors="0">
  <testcase name="doImportTest" time="5.338" classname="com.gateside.autotesting.Gat.unittest.FileHelperTest"/>
</testsuite> <!-- com.gateside.autotesting.Gat.unittest.FileHelperTest -->
